0 info it worked if it ends with ok
1 verbose cli [ 'node',
1 verbose cli   '/Users/No51/.nvm/versions/node/v0.12.9/bin/npm',
1 verbose cli   'run',
1 verbose cli   'build' ]
2 info using npm@3.5.2
3 info using node@v0.12.9
4 verbose run-script [ 'prebuild', 'build', 'postbuild' ]
5 info lifecycle an2_ts_playgrond@1.0.0~prebuild: an2_ts_playgrond@1.0.0
6 silly lifecycle an2_ts_playgrond@1.0.0~prebuild: no script for prebuild, continuing
7 info lifecycle an2_ts_playgrond@1.0.0~build: an2_ts_playgrond@1.0.0
8 verbose lifecycle an2_ts_playgrond@1.0.0~build: unsafe-perm in lifecycle true
9 verbose lifecycle an2_ts_playgrond@1.0.0~build: PATH: /Users/No51/.nvm/versions/node/v0.12.9/lib/node_modules/npm/bin/node-gyp-bin:/Users/No51/Desktop/Git/angu2_type/an2_ts_playgrond/node_modules/.bin:/Users/No51/.nvm/versions/node/v0.12.9/bin:/usr/local/bin:/usr/bin:/bin:/usr/sbin:/sbin:/usr/local/git/bin
10 verbose lifecycle an2_ts_playgrond@1.0.0~build: CWD: /Users/No51/Desktop/Git/angu2_type/an2_ts_playgrond
11 silly lifecycle an2_ts_playgrond@1.0.0~build: Args: [ '-c', 'npm run tsc && npm run browserify' ]
12 silly lifecycle an2_ts_playgrond@1.0.0~build: Returned: code: 1  signal: null
13 info lifecycle an2_ts_playgrond@1.0.0~build: Failed to exec build script
14 verbose stack Error: an2_ts_playgrond@1.0.0 build: `npm run tsc && npm run browserify`
14 verbose stack Exit status 1
14 verbose stack     at EventEmitter.<anonymous> (/Users/No51/.nvm/versions/node/v0.12.9/lib/node_modules/npm/lib/utils/lifecycle.js:232:16)
14 verbose stack     at EventEmitter.emit (events.js:110:17)
14 verbose stack     at ChildProcess.<anonymous> (/Users/No51/.nvm/versions/node/v0.12.9/lib/node_modules/npm/lib/utils/spawn.js:24:14)
14 verbose stack     at ChildProcess.emit (events.js:110:17)
14 verbose stack     at maybeClose (child_process.js:1016:16)
14 verbose stack     at Process.ChildProcess._handle.onexit (child_process.js:1088:5)
15 verbose pkgid an2_ts_playgrond@1.0.0
16 verbose cwd /Users/No51/Desktop/Git/angu2_type/an2_ts_playgrond
17 error Darwin 14.3.0
18 error argv "node" "/Users/No51/.nvm/versions/node/v0.12.9/bin/npm" "run" "build"
19 error node v0.12.9
20 error npm  v3.5.2
21 error code ELIFECYCLE
22 error an2_ts_playgrond@1.0.0 build: `npm run tsc && npm run browserify`
22 error Exit status 1
23 error Failed at the an2_ts_playgrond@1.0.0 build script 'npm run tsc && npm run browserify'.
23 error Make sure you have the latest version of node.js and npm installed.
23 error If you do, this is most likely a problem with the an2_ts_playgrond package,
23 error not with npm itself.
23 error Tell the author that this fails on your system:
23 error     npm run tsc && npm run browserify
23 error You can get information on how to open an issue for this project with:
23 error     npm bugs an2_ts_playgrond
23 error Or if that isn't available, you can get their info via:
23 error     npm owner ls an2_ts_playgrond
23 error There is likely additional logging output above.
24 verbose exit [ 1, true ]
